# JRE version: OpenJDK Runtime Environment Temurin-17.0.10+7 (17.0.10+7) (build 17.0.10+7)
# Java VM: OpenJDK 64-Bit Server VM Temurin-17.0.10+7 (17.0.10+7, mixed mode, tiered, compressed oops, compressed class ptrs, parallel gc, windows-amd64)
GC Precious Log:
 CPUs: 8 total, 8 available
 Memory: 16118M
 Large Page Support: Disabled
 NUMA Support: Disabled
 Compressed Oops: Enabled (32-bit)
 Alignments: Space 512K, Generation 512K, Heap 2M
 Heap Min Capacity: 100M
 Heap Initial Capacity: 100M
 Heap Max Capacity: 1G
 Pre-touch: Disabled
 Parallel Workers: 8
Heap:
 PSYoungGen      total 8704K, used 5390K [0x00000000eab00000, 0x00000000eb800000, 0x0000000100000000)
  eden space 6144K, 48% used [0x00000000eab00000,0x00000000eade66e8,0x00000000eb100000)
  from space 2560K, 94% used [0x00000000eb200000,0x00000000eb45d220,0x00000000eb480000)
  to   space 3072K, 0% used [0x00000000eb500000,0x00000000eb500000,0x00000000eb800000)
 ParOldGen       total 193536K, used 155697K [0x00000000c0000000, 0x00000000cbd00000, 0x00000000eab00000)
  object space 193536K, 80% used [0x00000000c0000000,0x00000000c980c7c0,0x00000000cbd00000)
 Metaspace       used 98512K, committed 100224K, reserved 1179648K
  class space    used 10449K, committed 11200K, reserved 1048576K
GC Heap History (20 events):
Event: 587.103 GC heap before
{Heap before GC invocations=839 (full 29):
 PSYoungGen      total 5120K, used 4019K [0x00000000eab00000, 0x00000000eb480000, 0x0000000100000000)
  eden space 2560K, 99% used [0x00000000eab00000,0x00000000ead7ff08,0x00000000ead80000)
  from space 2560K, 57% used [0x00000000eb000000,0x00000000eb16d000,0x00000000eb280000)
  to   space 2048K, 0% used [0x00000000eb280000,0x00000000eb280000,0x00000000eb480000)
 ParOldGen       total 184832K, used 159349K [0x00000000c0000000, 0x00000000cb480000, 0x00000000eab00000)
  object space 184832K, 86% used [0x00000000c0000000,0x00000000c9b9d430,0x00000000cb480000)
 Metaspace       used 98293K, committed 100032K, reserved 1179648K
  class space    used 10403K, committed 11200K, reserved 1048576K
}
Event: 587.106 GC heap after
{Heap after GC invocations=839 (full 29):
 PSYoungGen      total 5120K, used 2040K [0x00000000eab00000, 0x00000000eb480000, 0x0000000100000000)
  eden space 3072K, 0% used [0x00000000eab00000,0x00000000eab00000,0x00000000eae00000)
  from space 2048K, 99% used [0x00000000eb280000,0x00000000eb47e010,0x00000000eb480000)
  to   space 2560K, 0% used [0x00000000eaf80000,0x00000000eaf80000,0x00000000eb200000)
 ParOldGen       total 184832K, used 160729K [0x00000000c0000000, 0x00000000cb480000, 0x00000000eab00000)
  object space 184832K, 86% used [0x00000000c0000000,0x00000000c9cf6430,0x00000000cb480000)
 Metaspace       used 98293K, committed 100032K, reserved 1179648K
  class space    used 10403K, committed 11200K, reserved 1048576K
}
Event: 587.131 GC heap before
{Heap before GC invocations=840 (full 29):
 PSYoungGen      total 5120K, used 5041K [0x00000000eab00000, 0x00000000eb480000, 0x0000000100000000)
  eden space 3072K, 97% used [0x00000000eab00000,0x00000000eadee628,0x00000000eae00000)
  from space 2048K, 99% used [0x00000000eb280000,0x00000000eb47e010,0x00000000eb480000)
  to   space 2560K, 0% used [0x00000000eaf80000,0x00000000eaf80000,0x00000000eb200000)
 ParOldGen       total 184832K, used 160729K [0x00000000c0000000, 0x00000000cb480000, 0x00000000eab00000)
  object space 184832K, 86% used [0x00000000c0000000,0x00000000c9cf6430,0x00000000cb480000)
 Metaspace       used 98299K, committed 100096K, reserved 1179648K
  class space    used 10404K, committed 11200K, reserved 1048576K
}
Event: 587.134 GC heap after
{Heap after GC invocations=840 (full 29):
 PSYoungGen      total 6144K, used 2532K [0x00000000eab00000, 0x00000000eb880000, 0x0000000100000000)
  eden space 3584K, 0% used [0x00000000eab00000,0x00000000eab00000,0x00000000eae80000)
  from space 2560K, 98% used [0x00000000eaf80000,0x00000000eb1f9120,0x00000000eb200000)
  to   space 5120K, 0% used [0x00000000eb380000,0x00000000eb380000,0x00000000eb880000)
 ParOldGen       total 184832K, used 162817K [0x00000000c0000000, 0x00000000cb480000, 0x00000000eab00000)
  object space 184832K, 88% used [0x00000000c0000000,0x00000000c9f004f0,0x00000000cb480000)
 Metaspace       used 98299K, committed 100096K, reserved 1179648K
  class space    used 10404K, committed 11200K, reserved 1048576K
}
Event: 587.180 GC heap before
{Heap before GC invocations=841 (full 29):
 PSYoungGen      total 6144K, used 6116K [0x00000000eab00000, 0x00000000eb880000, 0x0000000100000000)
  eden space 3584K, 100% used [0x00000000eab00000,0x00000000eae80000,0x00000000eae80000)
  from space 2560K, 98% used [0x00000000eaf80000,0x00000000eb1f9120,0x00000000eb200000)
  to   space 5120K, 0% used [0x00000000eb380000,0x00000000eb380000,0x00000000eb880000)
 ParOldGen       total 184832K, used 162817K [0x00000000c0000000, 0x00000000cb480000, 0x00000000eab00000)
  object space 184832K, 88% used [0x00000000c0000000,0x00000000c9f004f0,0x00000000cb480000)
 Metaspace       used 98299K, committed 100096K, reserved 1179648K
  class space    used 10404K, committed 11200K, reserved 1048576K
}
Event: 587.186 GC heap after
{Heap after GC invocations=841 (full 29):
 PSYoungGen      total 7680K, used 3176K [0x00000000eab00000, 0x00000000eb700000, 0x0000000100000000)
  eden space 4096K, 0% used [0x00000000eab00000,0x00000000eab00000,0x00000000eaf00000)
  from space 3584K, 88% used [0x00000000eb380000,0x00000000eb69a268,0x00000000eb700000)
  to   space 4096K, 0% used [0x00000000eaf00000,0x00000000eaf00000,0x00000000eb300000)
 ParOldGen       total 184832K, used 165349K [0x00000000c0000000, 0x00000000cb480000, 0x00000000eab00000)
  object space 184832K, 89% used [0x00000000c0000000,0x00000000ca1797c8,0x00000000cb480000)
 Metaspace       used 98299K, committed 100096K, reserved 1179648K
  class space    used 10404K, committed 11200K, reserved 1048576K
}
Event: 587.333 GC heap before
{Heap before GC invocations=842 (full 30):
 PSYoungGen      total 7680K, used 7272K [0x00000000eab00000, 0x00000000eb700000, 0x0000000100000000)
  eden space 4096K, 99% used [0x00000000eab00000,0x00000000eaeffff8,0x00000000eaf00000)
  from space 3584K, 88% used [0x00000000eb380000,0x00000000eb69a268,0x00000000eb700000)
  to   space 4096K, 0% used [0x00000000eaf00000,0x00000000eaf00000,0x00000000eb300000)
 ParOldGen       total 196608K, used 196069K [0x00000000c0000000, 0x00000000cc000000, 0x00000000eab00000)
  object space 196608K, 99% used [0x00000000c0000000,0x00000000cbf797f8,0x00000000cc000000)
 Metaspace       used 98312K, committed 100096K, reserved 1179648K
  class space    used 10405K, committed 11200K, reserved 1048576K
}
Event: 587.517 GC heap after
{Heap after GC invocations=842 (full 30):
 PSYoungGen      total 8192K, used 0K [0x00000000eab00000, 0x00000000eb780000, 0x0000000100000000)
  eden space 4096K, 0% used [0x00000000eab00000,0x00000000eab00000,0x00000000eaf00000)
  from space 4096K, 0% used [0x00000000eaf00000,0x00000000eaf00000,0x00000000eb300000)
  to   space 4096K, 0% used [0x00000000eb380000,0x00000000eb380000,0x00000000eb780000)
 ParOldGen       total 193536K, used 145965K [0x00000000c0000000, 0x00000000cbd00000, 0x00000000eab00000)
  object space 193536K, 75% used [0x00000000c0000000,0x00000000c8e8b430,0x00000000cbd00000)
 Metaspace       used 98312K, committed 100096K, reserved 1179648K
  class space    used 10405K, committed 11200K, reserved 1048576K
}
Event: 587.605 GC heap before
{Heap before GC invocations=843 (full 30):
 PSYoungGen      total 8192K, used 4096K [0x00000000eab00000, 0x00000000eb780000, 0x0000000100000000)
  eden space 4096K, 100% used [0x00000000eab00000,0x00000000eaf00000,0x00000000eaf00000)
  from space 4096K, 0% used [0x00000000eaf00000,0x00000000eaf00000,0x00000000eb300000)
  to   space 4096K, 0% used [0x00000000eb380000,0x00000000eb380000,0x00000000eb780000)
 ParOldGen       total 193536K, used 145965K [0x00000000c0000000, 0x00000000cbd00000, 0x00000000eab00000)
  object space 193536K, 75% used [0x00000000c0000000,0x00000000c8e8b430,0x00000000cbd00000)
 Metaspace       used 98312K, committed 100096K, reserved 1179648K
  class space    used 10405K, committed 11200K, reserved 1048576K
}
Event: 587.607 GC heap after
{Heap after GC invocations=843 (full 30):
 PSYoungGen      total 7680K, used 2980K [0x00000000eab00000, 0x00000000eb680000, 0x0000000100000000)
  eden space 4608K, 0% used [0x00000000eab00000,0x00000000eab00000,0x00000000eaf80000)
  from space 3072K, 97% used [0x00000000eb380000,0x00000000eb669390,0x00000000eb680000)
  to   space 3584K, 0% used [0x00000000eaf80000,0x00000000eaf80000,0x00000000eb300000)
 ParOldGen       total 193536K, used 145965K [0x00000000c0000000, 0x00000000cbd00000, 0x00000000eab00000)
  object space 193536K, 75% used [0x00000000c0000000,0x00000000c8e8b430,0x00000000cbd00000)
 Metaspace       used 98312K, committed 100096K, reserved 1179648K
  class space    used 10405K, committed 11200K, reserved 1048576K
}
Event: 587.639 GC heap before
{Heap before GC invocations=844 (full 30):
 PSYoungGen      total 7680K, used 7588K [0x00000000eab00000, 0x00000000eb680000, 0x0000000100000000)
  eden space 4608K, 100% used [0x00000000eab00000,0x00000000eaf80000,0x00000000eaf80000)
  from space 3072K, 97% used [0x00000000eb380000,0x00000000eb669390,0x00000000eb680000)
  to   space 3584K, 0% used [0x00000000eaf80000,0x00000000eaf80000,0x00000000eb300000)
 ParOldGen       total 193536K, used 145965K [0x00000000c0000000, 0x00000000cbd00000, 0x00000000eab00000)
  object space 193536K, 75% used [0x00000000c0000000,0x00000000c8e8b430,0x00000000cbd00000)
 Metaspace       used 98312K, committed 100096K, reserved 1179648K
  class space    used 10405K, committed 11200K, reserved 1048576K
}
Event: 587.643 GC heap after
{Heap after GC invocations=844 (full 30):
 PSYoungGen      total 8192K, used 3556K [0x00000000eab00000, 0x00000000ec000000, 0x0000000100000000)
  eden space 4608K, 0% used [0x00000000eab00000,0x00000000eab00000,0x00000000eaf80000)
  from space 3584K, 99% used [0x00000000eaf80000,0x00000000eb2f9390,0x00000000eb300000)
  to   space 8192K, 0% used [0x00000000eb800000,0x00000000eb800000,0x00000000ec000000)
 ParOldGen       total 193536K, used 149405K [0x00000000c0000000, 0x00000000cbd00000, 0x00000000eab00000)
  object space 193536K, 77% used [0x00000000c0000000,0x00000000c91e7430,0x00000000cbd00000)
 Metaspace       used 98312K, committed 100096K, reserved 1179648K
  class space    used 10405K, committed 11200K, reserved 1048576K
}
Event: 587.817 GC heap before
{Heap before GC invocations=845 (full 30):
 PSYoungGen      total 8192K, used 8164K [0x00000000eab00000, 0x00000000ec000000, 0x0000000100000000)
  eden space 4608K, 100% used [0x00000000eab00000,0x00000000eaf80000,0x00000000eaf80000)
  from space 3584K, 99% used [0x00000000eaf80000,0x00000000eb2f9390,0x00000000eb300000)
  to   space 8192K, 0% used [0x00000000eb800000,0x00000000eb800000,0x00000000ec000000)
 ParOldGen       total 193536K, used 149405K [0x00000000c0000000, 0x00000000cbd00000, 0x00000000eab00000)
  object space 193536K, 77% used [0x00000000c0000000,0x00000000c91e7430,0x00000000cbd00000)
 Metaspace       used 98312K, committed 100096K, reserved 1179648K
  class space    used 10405K, committed 11200K, reserved 1048576K
}
Event: 587.822 GC heap after
{Heap after GC invocations=845 (full 30):
 PSYoungGen      total 9728K, used 4600K [0x00000000eab00000, 0x00000000ebc80000, 0x0000000100000000)
  eden space 5120K, 0% used [0x00000000eab00000,0x00000000eab00000,0x00000000eb000000)
  from space 4608K, 99% used [0x00000000eb800000,0x00000000ebc7e000,0x00000000ebc80000)
  to   space 5632K, 0% used [0x00000000eb180000,0x00000000eb180000,0x00000000eb700000)
 ParOldGen       total 193536K, used 151121K [0x00000000c0000000, 0x00000000cbd00000, 0x00000000eab00000)
  object space 193536K, 78% used [0x00000000c0000000,0x00000000c93947c0,0x00000000cbd00000)
 Metaspace       used 98312K, committed 100096K, reserved 1179648K
  class space    used 10405K, committed 11200K, reserved 1048576K
}
Event: 588.254 GC heap before
{Heap before GC invocations=846 (full 30):
 PSYoungGen      total 9728K, used 9720K [0x00000000eab00000, 0x00000000ebc80000, 0x0000000100000000)
  eden space 5120K, 100% used [0x00000000eab00000,0x00000000eb000000,0x00000000eb000000)
  from space 4608K, 99% used [0x00000000eb800000,0x00000000ebc7e000,0x00000000ebc80000)
  to   space 5632K, 0% used [0x00000000eb180000,0x00000000eb180000,0x00000000eb700000)
 ParOldGen       total 193536K, used 151121K [0x00000000c0000000, 0x00000000cbd00000, 0x00000000eab00000)
  object space 193536K, 78% used [0x00000000c0000000,0x00000000c93947c0,0x00000000cbd00000)
 Metaspace       used 98312K, committed 100096K, reserved 1179648K
  class space    used 10405K, committed 11200K, reserved 1048576K
}
Event: 588.259 GC heap after
{Heap after GC invocations=846 (full 30):
 PSYoungGen      total 11264K, used 5632K [0x00000000eab00000, 0x00000000ebe80000, 0x0000000100000000)
  eden space 5632K, 0% used [0x00000000eab00000,0x00000000eab00000,0x00000000eb080000)
  from space 5632K, 100% used [0x00000000eb180000,0x00000000eb700000,0x00000000eb700000)
  to   space 7168K, 0% used [0x00000000eb780000,0x00000000eb780000,0x00000000ebe80000)
 ParOldGen       total 193536K, used 151969K [0x00000000c0000000, 0x00000000cbd00000, 0x00000000eab00000)
  object space 193536K, 78% used [0x00000000c0000000,0x00000000c94687c0,0x00000000cbd00000)
 Metaspace       used 98312K, committed 100096K, reserved 1179648K
  class space    used 10405K, committed 11200K, reserved 1048576K
}
Event: 588.570 GC heap before
{Heap before GC invocations=847 (full 30):
 PSYoungGen      total 11264K, used 11264K [0x00000000eab00000, 0x00000000ebe80000, 0x0000000100000000)
  eden space 5632K, 100% used [0x00000000eab00000,0x00000000eb080000,0x00000000eb080000)
  from space 5632K, 100% used [0x00000000eb180000,0x00000000eb700000,0x00000000eb700000)
  to   space 7168K, 0% used [0x00000000eb780000,0x00000000eb780000,0x00000000ebe80000)
 ParOldGen       total 193536K, used 151969K [0x00000000c0000000, 0x00000000cbd00000, 0x00000000eab00000)
  object space 193536K, 78% used [0x00000000c0000000,0x00000000c94687c0,0x00000000cbd00000)
 Metaspace       used 98313K, committed 100096K, reserved 1179648K
  class space    used 10405K, committed 11200K, reserved 1048576K
}
Event: 588.576 GC heap after
{Heap after GC invocations=847 (full 30):
 PSYoungGen      total 8704K, used 2074K [0x00000000eab00000, 0x00000000eba00000, 0x0000000100000000)
  eden space 6144K, 0% used [0x00000000eab00000,0x00000000eab00000,0x00000000eb100000)
  from space 2560K, 81% used [0x00000000eb780000,0x00000000eb986900,0x00000000eba00000)
  to   space 4096K, 0% used [0x00000000eb200000,0x00000000eb200000,0x00000000eb600000)
 ParOldGen       total 193536K, used 155697K [0x00000000c0000000, 0x00000000cbd00000, 0x00000000eab00000)
  object space 193536K, 80% used [0x00000000c0000000,0x00000000c980c7c0,0x00000000cbd00000)
 Metaspace       used 98313K, committed 100096K, reserved 1179648K
  class space    used 10405K, committed 11200K, reserved 1048576K
}
Event: 588.840 GC heap before
{Heap before GC invocations=848 (full 30):
 PSYoungGen      total 8704K, used 8218K [0x00000000eab00000, 0x00000000eba00000, 0x0000000100000000)
  eden space 6144K, 100% used [0x00000000eab00000,0x00000000eb100000,0x00000000eb100000)
  from space 2560K, 81% used [0x00000000eb780000,0x00000000eb986900,0x00000000eba00000)
  to   space 4096K, 0% used [0x00000000eb200000,0x00000000eb200000,0x00000000eb600000)
 ParOldGen       total 193536K, used 155697K [0x00000000c0000000, 0x00000000cbd00000, 0x00000000eab00000)
  object space 193536K, 80% used [0x00000000c0000000,0x00000000c980c7c0,0x00000000cbd00000)
 Metaspace       used 98470K, committed 100224K, reserved 1179648K
  class space    used 10443K, committed 11200K, reserved 1048576K
}
Event: 588.843 GC heap after
{Heap after GC invocations=848 (full 30):
 PSYoungGen      total 8704K, used 2420K [0x00000000eab00000, 0x00000000eb800000, 0x0000000100000000)
  eden space 6144K, 0% used [0x00000000eab00000,0x00000000eab00000,0x00000000eb100000)
  from space 2560K, 94% used [0x00000000eb200000,0x00000000eb45d220,0x00000000eb480000)
  to   space 3072K, 0% used [0x00000000eb500000,0x00000000eb500000,0x00000000eb800000)
 ParOldGen       total 193536K, used 155697K [0x00000000c0000000, 0x00000000cbd00000, 0x00000000eab00000)
  object space 193536K, 80% used [0x00000000c0000000,0x00000000c980c7c0,0x00000000cbd00000)
 Metaspace       used 98470K, committed 100224K, reserved 1179648K
  class space    used 10443K, committed 11200K, reserved 1048576K
}

